<?xml version="1.0" encoding="UTF-8"?>
<coverage generated="1774882484858" clover="3.2.0">
  <project timestamp="1774882484858" name="All files">
    <metrics statements="167" coveredstatements="117" conditionals="181" coveredconditionals="120" methods="29" coveredmethods="18" elements="377" coveredelements="255" complexity="0" loc="167" ncloc="167" packages="4" files="8" classes="8"/>
    <package name="constants">
      <metrics statements="1" coveredstatements="1" conditionals="0" coveredconditionals="0" methods="0" coveredmethods="0"/>
      <file name="liveMatchConstants.ts" path="/Users/ascotte/Dev/coach-assistant/constants/liveMatchConstants.ts">
        <metrics statements="1" coveredstatements="1" conditionals="0" coveredconditionals="0" methods="0" coveredmethods="0"/>
        <line num="138" count="1" type="stmt"/>
      </file>
    </package>
    <package name="src.models">
      <metrics statements="58" coveredstatements="9" conditionals="57" coveredconditionals="5" methods="14" coveredmethods="3"/>
      <file name="ActionTypes.ts" path="/Users/ascotte/Dev/coach-assistant/src/models/ActionTypes.ts">
        <metrics statements="58" coveredstatements="9" conditionals="57" coveredconditionals="5" methods="14" coveredmethods="3"/>
        <line num="53" count="2" type="stmt"/>
        <line num="64" count="2" type="stmt"/>
        <line num="69" count="2" type="stmt"/>
        <line num="74" count="2" type="stmt"/>
        <line num="92" count="0" type="stmt"/>
        <line num="121" count="2" type="stmt"/>
        <line num="245" count="0" type="stmt"/>
        <line num="256" count="0" type="stmt"/>
        <line num="267" count="0" type="stmt"/>
        <line num="268" count="0" type="cond" truecount="0" falsecount="2"/>
        <line num="272" count="0" type="cond" truecount="0" falsecount="2"/>
        <line num="277" count="0" type="stmt"/>
        <line num="278" count="0" type="cond" truecount="0" falsecount="2"/>
        <line num="282" count="0" type="cond" truecount="0" falsecount="4"/>
        <line num="283" count="0" type="stmt"/>
        <line num="284" count="0" type="cond" truecount="0" falsecount="2"/>
        <line num="288" count="0" type="cond" truecount="0" falsecount="5"/>
        <line num="289" count="0" type="stmt"/>
        <line num="290" count="0" type="cond" truecount="0" falsecount="2"/>
        <line num="293" count="0" type="stmt"/>
        <line num="300" count="0" type="stmt"/>
        <line num="301" count="0" type="cond" truecount="0" falsecount="2"/>
        <line num="308" count="0" type="stmt"/>
        <line num="314" count="2" type="stmt"/>
        <line num="315" count="16" type="stmt"/>
        <line num="323" count="6" type="cond" truecount="2" falsecount="0"/>
        <line num="329" count="16" type="cond" truecount="1" falsecount="1"/>
        <line num="365" count="0" type="stmt"/>
        <line num="366" count="0" type="stmt"/>
        <line num="369" count="0" type="cond" truecount="0" falsecount="2"/>
        <line num="373" count="0" type="stmt"/>
        <line num="377" count="0" type="cond" truecount="0" falsecount="2"/>
        <line num="381" count="0" type="stmt"/>
        <line num="394" count="0" type="cond" truecount="0" falsecount="2"/>
        <line num="395" count="0" type="stmt"/>
        <line num="396" count="0" type="stmt"/>
        <line num="397" count="0" type="stmt"/>
        <line num="404" count="0" type="cond" truecount="0" falsecount="2"/>
        <line num="405" count="0" type="stmt"/>
        <line num="406" count="0" type="stmt"/>
        <line num="413" count="0" type="cond" truecount="0" falsecount="2"/>
        <line num="414" count="0" type="stmt"/>
        <line num="415" count="0" type="stmt"/>
        <line num="422" count="0" type="stmt"/>
        <line num="433" count="0" type="stmt"/>
        <line num="434" count="0" type="stmt"/>
        <line num="436" count="0" type="cond" truecount="0" falsecount="2"/>
        <line num="437" count="0" type="cond" truecount="0" falsecount="2"/>
        <line num="438" count="0" type="stmt"/>
        <line num="440" count="0" type="cond" truecount="0" falsecount="2"/>
        <line num="441" count="0" type="stmt"/>
        <line num="445" count="0" type="cond" truecount="0" falsecount="2"/>
        <line num="446" count="0" type="stmt"/>
        <line num="449" count="0" type="cond" truecount="0" falsecount="2"/>
        <line num="450" count="0" type="stmt"/>
        <line num="453" count="0" type="cond" truecount="0" falsecount="2"/>
        <line num="454" count="0" type="stmt"/>
        <line num="457" count="0" type="stmt"/>
      </file>
      <file name="types.ts" path="/Users/ascotte/Dev/coach-assistant/src/models/types.ts">
        <metrics statements="0" coveredstatements="0" conditionals="0" coveredconditionals="0" methods="0" coveredmethods="0"/>
      </file>
    </package>
    <package name="src.theme">
      <metrics statements="20" coveredstatements="20" conditionals="0" coveredconditionals="0" methods="0" coveredmethods="0"/>
      <file name="colors.ts" path="/Users/ascotte/Dev/coach-assistant/src/theme/colors.ts">
        <metrics statements="20" coveredstatements="20" conditionals="0" coveredconditionals="0" methods="0" coveredmethods="0"/>
        <line num="15" count="2" type="stmt"/>
        <line num="32" count="2" type="stmt"/>
        <line num="49" count="2" type="stmt"/>
        <line num="59" count="2" type="stmt"/>
        <line num="68" count="2" type="stmt"/>
        <line num="207" count="2" type="stmt"/>
        <line num="212" count="2" type="stmt"/>
        <line num="228" count="2" type="stmt"/>
        <line num="237" count="2" type="stmt"/>
        <line num="251" count="2" type="stmt"/>
        <line num="285" count="2" type="stmt"/>
        <line num="301" count="2" type="stmt"/>
        <line num="310" count="2" type="stmt"/>
        <line num="321" count="2" type="stmt"/>
        <line num="331" count="2" type="stmt"/>
        <line num="339" count="2" type="stmt"/>
        <line num="348" count="2" type="stmt"/>
        <line num="361" count="2" type="stmt"/>
        <line num="370" count="2" type="stmt"/>
        <line num="388" count="2" type="stmt"/>
      </file>
    </package>
    <package name="utils">
      <metrics statements="88" coveredstatements="87" conditionals="124" coveredconditionals="115" methods="15" coveredmethods="15"/>
      <file name="errorAlert.ts" path="/Users/ascotte/Dev/coach-assistant/utils/errorAlert.ts">
        <metrics statements="11" coveredstatements="11" conditionals="13" coveredconditionals="13" methods="3" coveredmethods="3"/>
        <line num="53" count="17" type="stmt"/>
        <line num="58" count="17" type="cond" truecount="2" falsecount="0"/>
        <line num="63" count="17" type="cond" truecount="2" falsecount="0"/>
        <line num="66" count="17" type="stmt"/>
        <line num="73" count="17" type="stmt"/>
        <line num="75" count="17" type="cond" truecount="4" falsecount="0"/>
        <line num="76" count="4" type="stmt"/>
        <line num="82" count="17" type="stmt"/>
        <line num="89" count="17" type="stmt"/>
        <line num="96" count="4" type="stmt"/>
        <line num="109" count="2" type="stmt"/>
      </file>
      <file name="liveMatchHelpers.ts" path="/Users/ascotte/Dev/coach-assistant/utils/liveMatchHelpers.ts">
        <metrics statements="41" coveredstatements="40" conditionals="58" coveredconditionals="51" methods="3" coveredmethods="3"/>
        <line num="19" count="2" type="stmt"/>
        <line num="20" count="7" type="stmt"/>
        <line num="21" count="7" type="stmt"/>
        <line num="22" count="7" type="stmt"/>
        <line num="31" count="2" type="stmt"/>
        <line num="35" count="32" type="stmt"/>
        <line num="36" count="32" type="cond" truecount="4" falsecount="0"/>
        <line num="38" count="32" type="cond" truecount="2" falsecount="0"/>
        <line num="40" count="23" type="cond" truecount="3" falsecount="0"/>
        <line num="43" count="23" type="cond" truecount="1" falsecount="1"/>
        <line num="45" count="23" type="cond" truecount="2" falsecount="0"/>
        <line num="48" count="20" type="cond" truecount="2" falsecount="0"/>
        <line num="49" count="20" type="cond" truecount="2" falsecount="0"/>
        <line num="50" count="2" type="cond" truecount="2" falsecount="0"/>
        <line num="51" count="18" type="cond" truecount="2" falsecount="0"/>
        <line num="52" count="17" type="cond" truecount="2" falsecount="0"/>
        <line num="53" count="1" type="cond" truecount="1" falsecount="1"/>
        <line num="54" count="1" type="cond" truecount="1" falsecount="1"/>
        <line num="56" count="3" type="cond" truecount="2" falsecount="0"/>
        <line num="57" count="2" type="cond" truecount="2" falsecount="0"/>
        <line num="58" count="1" type="cond" truecount="1" falsecount="1"/>
        <line num="61" count="9" type="cond" truecount="2" falsecount="0"/>
        <line num="62" count="2" type="cond" truecount="2" falsecount="0"/>
        <line num="66" count="1" type="stmt"/>
        <line num="67" count="1" type="cond" truecount="1" falsecount="1"/>
        <line num="71" count="1" type="stmt"/>
        <line num="72" count="7" type="cond" truecount="2" falsecount="0"/>
        <line num="73" count="1" type="stmt"/>
        <line num="74" count="6" type="cond" truecount="2" falsecount="0"/>
        <line num="75" count="3" type="stmt"/>
        <line num="76" count="3" type="cond" truecount="2" falsecount="0"/>
        <line num="77" count="1" type="stmt"/>
        <line num="78" count="2" type="cond" truecount="2" falsecount="0"/>
        <line num="79" count="1" type="stmt"/>
        <line num="80" count="1" type="cond" truecount="1" falsecount="1"/>
        <line num="81" count="1" type="stmt"/>
        <line num="83" count="0" type="stmt"/>
        <line num="97" count="2" type="stmt"/>
        <line num="101" count="12" type="cond" truecount="2" falsecount="0"/>
        <line num="102" count="7" type="cond" truecount="2" falsecount="0"/>
        <line num="104" count="5" type="stmt"/>
      </file>
      <file name="matchDataConverters.ts" path="/Users/ascotte/Dev/coach-assistant/utils/matchDataConverters.ts">
        <metrics statements="24" coveredstatements="24" conditionals="44" coveredconditionals="42" methods="6" coveredmethods="6"/>
        <line num="42" count="15" type="stmt"/>
        <line num="44" count="24" type="cond" truecount="2" falsecount="0"/>
        <line num="48" count="15" type="cond" truecount="4" falsecount="0"/>
        <line num="52" count="15" type="stmt"/>
        <line num="55" count="15" type="stmt"/>
        <line num="56" count="15" type="cond" truecount="1" falsecount="1"/>
        <line num="57" count="15" type="stmt"/>
        <line num="58" count="15" type="cond" truecount="2" falsecount="0"/>
        <line num="59" count="14" type="stmt"/>
        <line num="63" count="15" type="stmt"/>
        <line num="96" count="2" type="stmt"/>
        <line num="97" count="2" type="stmt"/>
        <line num="113" count="9" type="stmt"/>
        <line num="114" count="9" type="stmt"/>
        <line num="116" count="9" type="stmt"/>
        <line num="118" count="11" type="cond" truecount="2" falsecount="0"/>
        <line num="125" count="9" type="cond" truecount="2" falsecount="0"/>
        <line num="126" count="7" type="cond" truecount="2" falsecount="0"/>
        <line num="127" count="5" type="stmt"/>
        <line num="129" count="2" type="stmt"/>
        <line num="132" count="2" type="cond" truecount="2" falsecount="0"/>
        <line num="133" count="1" type="stmt"/>
        <line num="135" count="1" type="stmt"/>
        <line num="141" count="9" type="stmt"/>
      </file>
      <file name="storageHelper.ts" path="/Users/ascotte/Dev/coach-assistant/utils/storageHelper.ts">
        <metrics statements="12" coveredstatements="12" conditionals="9" coveredconditionals="9" methods="3" coveredmethods="3"/>
        <line num="10" count="1" type="stmt"/>
        <line num="11" count="1" type="stmt"/>
        <line num="23" count="18" type="cond" truecount="2" falsecount="0"/>
        <line num="26" count="12" type="cond" truecount="5" falsecount="0"/>
        <line num="27" count="5" type="stmt"/>
        <line num="30" count="7" type="stmt"/>
        <line num="31" count="7" type="stmt"/>
        <line num="35" count="6" type="cond" truecount="2" falsecount="0"/>
        <line num="36" count="2" type="stmt"/>
        <line num="39" count="4" type="stmt"/>
        <line num="41" count="1" type="stmt"/>
        <line num="55" count="9" type="stmt"/>
      </file>
    </package>
  </project>
</coverage>
