{"/Users/ascotte/Dev/coach-assistant/constants/liveMatchConstants.ts": {"path":"/Users/ascotte/Dev/coach-assistant/constants/liveMatchConstants.ts","statementMap":{"0":{"start":{"line":138,"column":49},"end":{"line":138,"column":52}}},"fnMap":{},"branchMap":{},"s":{"0":1},"f":{},"b":{},"_coverageSchema":"1a1c01bbd47fc00a2c39e90264f33305004495a9","hash":"d1b7b191ed935512c0649df87c4f830b25014c0c"}
,"/Users/ascotte/Dev/coach-assistant/src/models/ActionTypes.ts": {"path":"/Users/ascotte/Dev/coach-assistant/src/models/ActionTypes.ts","statementMap":{"0":{"start":{"line":53,"column":58},"end":{"line":62,"column":1}},"1":{"start":{"line":64,"column":72},"end":{"line":67,"column":1}},"2":{"start":{"line":69,"column":78},"end":{"line":72,"column":1}},"3":{"start":{"line":74,"column":72},"end":{"line":79,"column":1}},"4":{"start":{"line":92,"column":2},"end":{"line":92,"column":41}},"5":{"start":{"line":121,"column":59},"end":{"line":239,"column":1}},"6":{"start":{"line":245,"column":2},"end":{"line":245,"column":35}},"7":{"start":{"line":256,"column":2},"end":{"line":256,"column":12}},"8":{"start":{"line":267,"column":17},"end":{"line":267,"column":42}},"9":{"start":{"line":268,"column":2},"end":{"line":268,"column":32}},"10":{"start":{"line":268,"column":15},"end":{"line":268,"column":32}},"11":{"start":{"line":272,"column":2},"end":{"line":279,"column":3}},"12":{"start":{"line":277,"column":17},"end":{"line":277,"column":74}},"13":{"start":{"line":277,"column":51},"end":{"line":277,"column":73}},"14":{"start":{"line":278,"column":4},"end":{"line":278,"column":32}},"15":{"start":{"line":278,"column":14},"end":{"line":278,"column":32}},"16":{"start":{"line":282,"column":2},"end":{"line":285,"column":3}},"17":{"start":{"line":283,"column":17},"end":{"line":283,"column":74}},"18":{"start":{"line":283,"column":51},"end":{"line":283,"column":73}},"19":{"start":{"line":284,"column":4},"end":{"line":284,"column":32}},"20":{"start":{"line":284,"column":14},"end":{"line":284,"column":32}},"21":{"start":{"line":288,"column":2},"end":{"line":291,"column":3}},"22":{"start":{"line":289,"column":24},"end":{"line":289,"column":73}},"23":{"start":{"line":289,"column":57},"end":{"line":289,"column":72}},"24":{"start":{"line":290,"column":4},"end":{"line":290,"column":46}},"25":{"start":{"line":290,"column":21},"end":{"line":290,"column":46}},"26":{"start":{"line":293,"column":2},"end":{"line":293,"column":22}},"27":{"start":{"line":300,"column":17},"end":{"line":300,"column":42}},"28":{"start":{"line":301,"column":2},"end":{"line":301,"column":37}},"29":{"start":{"line":308,"column":2},"end":{"line":308,"column":38}},"30":{"start":{"line":314,"column":34},"end":{"line":336,"column":1}},"31":{"start":{"line":315,"column":15},"end":{"line":335,"column":3}},"32":{"start":{"line":323,"column":42},"end":{"line":328,"column":7}},"33":{"start":{"line":329,"column":65},"end":{"line":334,"column":5}},"34":{"start":{"line":365,"column":31},"end":{"line":365,"column":56}},"35":{"start":{"line":366,"column":34},"end":{"line":366,"column":62}},"36":{"start":{"line":369,"column":2},"end":{"line":374,"column":3}},"37":{"start":{"line":373,"column":4},"end":{"line":373,"column":110}},"38":{"start":{"line":377,"column":2},"end":{"line":391,"column":3}},"39":{"start":{"line":381,"column":4},"end":{"line":390,"column":6}},"40":{"start":{"line":394,"column":2},"end":{"line":401,"column":3}},"41":{"start":{"line":395,"column":19},"end":{"line":395,"column":29}},"42":{"start":{"line":396,"column":18},"end":{"line":396,"column":28}},"43":{"start":{"line":397,"column":4},"end":{"line":400,"column":74}},"44":{"start":{"line":404,"column":2},"end":{"line":410,"column":3}},"45":{"start":{"line":405,"column":24},"end":{"line":405,"column":34}},"46":{"start":{"line":406,"column":4},"end":{"line":409,"column":74}},"47":{"start":{"line":413,"column":2},"end":{"line":419,"column":3}},"48":{"start":{"line":414,"column":24},"end":{"line":414,"column":34}},"49":{"start":{"line":415,"column":4},"end":{"line":418,"column":74}},"50":{"start":{"line":422,"column":2},"end":{"line":422,"column":111}},"51":{"start":{"line":433,"column":31},"end":{"line":433,"column":56}},"52":{"start":{"line":434,"column":34},"end":{"line":434,"column":62}},"53":{"start":{"line":436,"column":2},"end":{"line":443,"column":3}},"54":{"start":{"line":437,"column":4},"end":{"line":439,"column":5}},"55":{"start":{"line":438,"column":6},"end":{"line":438,"column":30}},"56":{"start":{"line":440,"column":4},"end":{"line":442,"column":5}},"57":{"start":{"line":441,"column":6},"end":{"line":441,"column":21}},"58":{"start":{"line":445,"column":2},"end":{"line":447,"column":3}},"59":{"start":{"line":446,"column":4},"end":{"line":446,"column":22}},"60":{"start":{"line":449,"column":2},"end":{"line":451,"column":3}},"61":{"start":{"line":450,"column":4},"end":{"line":450,"column":21}},"62":{"start":{"line":453,"column":2},"end":{"line":455,"column":3}},"63":{"start":{"line":454,"column":4},"end":{"line":454,"column":21}},"64":{"start":{"line":457,"column":2},"end":{"line":457,"column":18}}},"fnMap":{"0":{"name":"isShotMade","decl":{"start":{"line":91,"column":16},"end":{"line":91,"column":26}},"loc":{"start":{"line":91,"column":61},"end":{"line":93,"column":1}},"line":91},"1":{"name":"getActionConfig","decl":{"start":{"line":244,"column":16},"end":{"line":244,"column":31}},"loc":{"start":{"line":244,"column":78},"end":{"line":246,"column":1}},"line":244},"2":{"name":"getActionEmoji","decl":{"start":{"line":252,"column":16},"end":{"line":252,"column":30}},"loc":{"start":{"line":255,"column":10},"end":{"line":257,"column":1}},"line":255},"3":{"name":"getActionColor","decl":{"start":{"line":262,"column":16},"end":{"line":262,"column":30}},"loc":{"start":{"line":266,"column":10},"end":{"line":294,"column":1}},"line":266},"4":{"name":"(anonymous_4)","decl":{"start":{"line":277,"column":44},"end":{"line":277,"column":45}},"loc":{"start":{"line":277,"column":51},"end":{"line":277,"column":73}},"line":277},"5":{"name":"(anonymous_5)","decl":{"start":{"line":283,"column":44},"end":{"line":283,"column":45}},"loc":{"start":{"line":283,"column":51},"end":{"line":283,"column":73}},"line":283},"6":{"name":"(anonymous_6)","decl":{"start":{"line":289,"column":50},"end":{"line":289,"column":51}},"loc":{"start":{"line":289,"column":57},"end":{"line":289,"column":72}},"line":289},"7":{"name":"getActionLabel","decl":{"start":{"line":299,"column":16},"end":{"line":299,"column":30}},"loc":{"start":{"line":299,"column":59},"end":{"line":302,"column":1}},"line":299},"8":{"name":"getAllActionTypes","decl":{"start":{"line":307,"column":16},"end":{"line":307,"column":33}},"loc":{"start":{"line":307,"column":52},"end":{"line":309,"column":1}},"line":307},"9":{"name":"(anonymous_9)","decl":{"start":{"line":315,"column":2},"end":{"line":315,"column":3}},"loc":{"start":{"line":315,"column":15},"end":{"line":335,"column":3}},"line":315},"10":{"name":"(anonymous_10)","decl":{"start":{"line":323,"column":32},"end":{"line":323,"column":33}},"loc":{"start":{"line":323,"column":42},"end":{"line":328,"column":7}},"line":323},"11":{"name":"(anonymous_11)","decl":{"start":{"line":329,"column":54},"end":{"line":329,"column":55}},"loc":{"start":{"line":329,"column":65},"end":{"line":334,"column":5}},"line":329},"12":{"name":"renderMarkerSVG","decl":{"start":{"line":358,"column":16},"end":{"line":358,"column":31}},"loc":{"start":{"line":364,"column":10},"end":{"line":423,"column":1}},"line":364},"13":{"name":"getMarkerShapeType","decl":{"start":{"line":429,"column":16},"end":{"line":429,"column":34}},"loc":{"start":{"line":432,"column":66},"end":{"line":458,"column":1}},"line":432}},"branchMap":{"0":{"loc":{"start":{"line":268,"column":2},"end":{"line":268,"column":32}},"type":"if","locations":[{"start":{"line":268,"column":2},"end":{"line":268,"column":32}},{"start":{},"end":{}}],"line":268},"1":{"loc":{"start":{"line":272,"column":2},"end":{"line":279,"column":3}},"type":"if","locations":[{"start":{"line":272,"column":2},"end":{"line":279,"column":3}},{"start":{},"end":{}}],"line":272},"2":{"loc":{"start":{"line":273,"column":4},"end":{"line":275,"column":25}},"type":"binary-expr","locations":[{"start":{"line":273,"column":4},"end":{"line":273,"column":34}},{"start":{"line":274,"column":4},"end":{"line":274,"column":17}},{"start":{"line":275,"column":4},"end":{"line":275,"column":25}}],"line":273},"3":{"loc":{"start":{"line":278,"column":4},"end":{"line":278,"column":32}},"type":"if","locations":[{"start":{"line":278,"column":4},"end":{"line":278,"column":32}},{"start":{},"end":{}}],"line":278},"4":{"loc":{"start":{"line":282,"column":2},"end":{"line":285,"column":3}},"type":"if","locations":[{"start":{"line":282,"column":2},"end":{"line":285,"column":3}},{"start":{},"end":{}}],"line":282},"5":{"loc":{"start":{"line":282,"column":6},"end":{"line":282,"column":44}},"type":"binary-expr","locations":[{"start":{"line":282,"column":6},"end":{"line":282,"column":19}},{"start":{"line":282,"column":23},"end":{"line":282,"column":44}}],"line":282},"6":{"loc":{"start":{"line":284,"column":4},"end":{"line":284,"column":32}},"type":"if","locations":[{"start":{"line":284,"column":4},"end":{"line":284,"column":32}},{"start":{},"end":{}}],"line":284},"7":{"loc":{"start":{"line":288,"column":2},"end":{"line":291,"column":3}},"type":"if","locations":[{"start":{"line":288,"column":2},"end":{"line":291,"column":3}},{"start":{},"end":{}}],"line":288},"8":{"loc":{"start":{"line":288,"column":6},"end":{"line":288,"column":70}},"type":"binary-expr","locations":[{"start":{"line":288,"column":6},"end":{"line":288,"column":36}},{"start":{"line":288,"column":40},"end":{"line":288,"column":46}},{"start":{"line":288,"column":50},"end":{"line":288,"column":70}}],"line":288},"9":{"loc":{"start":{"line":290,"column":4},"end":{"line":290,"column":46}},"type":"if","locations":[{"start":{"line":290,"column":4},"end":{"line":290,"column":46}},{"start":{},"end":{}}],"line":290},"10":{"loc":{"start":{"line":301,"column":9},"end":{"line":301,"column":36}},"type":"binary-expr","locations":[{"start":{"line":301,"column":9},"end":{"line":301,"column":22}},{"start":{"line":301,"column":26},"end":{"line":301,"column":36}}],"line":301},"11":{"loc":{"start":{"line":321,"column":24},"end":{"line":321,"column":58}},"type":"binary-expr","locations":[{"start":{"line":321,"column":24},"end":{"line":321,"column":49}},{"start":{"line":321,"column":53},"end":{"line":321,"column":58}}],"line":321},"12":{"loc":{"start":{"line":323,"column":6},"end":{"line":328,"column":15}},"type":"binary-expr","locations":[{"start":{"line":323,"column":6},"end":{"line":328,"column":9}},{"start":{"line":328,"column":13},"end":{"line":328,"column":15}}],"line":323},"13":{"loc":{"start":{"line":329,"column":21},"end":{"line":329,"column":48}},"type":"binary-expr","locations":[{"start":{"line":329,"column":21},"end":{"line":329,"column":42}},{"start":{"line":329,"column":46},"end":{"line":329,"column":48}}],"line":329},"14":{"loc":{"start":{"line":363,"column":2},"end":{"line":363,"column":18}},"type":"default-arg","locations":[{"start":{"line":363,"column":17},"end":{"line":363,"column":18}}],"line":363},"15":{"loc":{"start":{"line":369,"column":2},"end":{"line":374,"column":3}},"type":"if","locations":[{"start":{"line":369,"column":2},"end":{"line":374,"column":3}},{"start":{},"end":{}}],"line":369},"16":{"loc":{"start":{"line":370,"column":4},"end":{"line":371,"column":68}},"type":"binary-expr","locations":[{"start":{"line":370,"column":4},"end":{"line":370,"column":58}},{"start":{"line":371,"column":4},"end":{"line":371,"column":68}}],"line":370},"17":{"loc":{"start":{"line":377,"column":2},"end":{"line":391,"column":3}},"type":"if","locations":[{"start":{"line":377,"column":2},"end":{"line":391,"column":3}},{"start":{},"end":{}}],"line":377},"18":{"loc":{"start":{"line":378,"column":4},"end":{"line":379,"column":70}},"type":"binary-expr","locations":[{"start":{"line":378,"column":4},"end":{"line":378,"column":58}},{"start":{"line":379,"column":4},"end":{"line":379,"column":70}}],"line":378},"19":{"loc":{"start":{"line":394,"column":2},"end":{"line":401,"column":3}},"type":"if","locations":[{"start":{"line":394,"column":2},"end":{"line":401,"column":3}},{"start":{},"end":{}}],"line":394},"20":{"loc":{"start":{"line":404,"column":2},"end":{"line":410,"column":3}},"type":"if","locations":[{"start":{"line":404,"column":2},"end":{"line":410,"column":3}},{"start":{},"end":{}}],"line":404},"21":{"loc":{"start":{"line":413,"column":2},"end":{"line":419,"column":3}},"type":"if","locations":[{"start":{"line":413,"column":2},"end":{"line":419,"column":3}},{"start":{},"end":{}}],"line":413},"22":{"loc":{"start":{"line":436,"column":2},"end":{"line":443,"column":3}},"type":"if","locations":[{"start":{"line":436,"column":2},"end":{"line":443,"column":3}},{"start":{},"end":{}}],"line":436},"23":{"loc":{"start":{"line":437,"column":4},"end":{"line":439,"column":5}},"type":"if","locations":[{"start":{"line":437,"column":4},"end":{"line":439,"column":5}},{"start":{},"end":{}}],"line":437},"24":{"loc":{"start":{"line":440,"column":4},"end":{"line":442,"column":5}},"type":"if","locations":[{"start":{"line":440,"column":4},"end":{"line":442,"column":5}},{"start":{},"end":{}}],"line":440},"25":{"loc":{"start":{"line":445,"column":2},"end":{"line":447,"column":3}},"type":"if","locations":[{"start":{"line":445,"column":2},"end":{"line":447,"column":3}},{"start":{},"end":{}}],"line":445},"26":{"loc":{"start":{"line":449,"column":2},"end":{"line":451,"column":3}},"type":"if","locations":[{"start":{"line":449,"column":2},"end":{"line":451,"column":3}},{"start":{},"end":{}}],"line":449},"27":{"loc":{"start":{"line":453,"column":2},"end":{"line":455,"column":3}},"type":"if","locations":[{"start":{"line":453,"column":2},"end":{"line":455,"column":3}},{"start":{},"end":{}}],"line":453}},"s":{"0":2,"1":2,"2":2,"3":2,"4":0,"5":2,"6":0,"7":0,"8":0,"9":0,"10":0,"11":0,"12":0,"13":0,"14":0,"15":0,"16":0,"17":0,"18":0,"19":0,"20":0,"21":0,"22":0,"23":0,"24":0,"25":0,"26":0,"27":0,"28":0,"29":0,"30":2,"31":16,"32":6,"33":16,"34":0,"35":0,"36":0,"37":0,"38":0,"39":0,"40":0,"41":0,"42":0,"43":0,"44":0,"45":0,"46":0,"47":0,"48":0,"49":0,"50":0,"51":0,"52":0,"53":0,"54":0,"55":0,"56":0,"57":0,"58":0,"59":0,"60":0,"61":0,"62":0,"63":0,"64":0},"f":{"0":0,"1":0,"2":0,"3":0,"4":0,"5":0,"6":0,"7":0,"8":0,"9":16,"10":6,"11":16,"12":0,"13":0},"b":{"0":[0,0],"1":[0,0],"2":[0,0,0],"3":[0,0],"4":[0,0],"5":[0,0],"6":[0,0],"7":[0,0],"8":[0,0,0],"9":[0,0],"10":[0,0],"11":[16,14],"12":[16,14],"13":[16,0],"14":[0],"15":[0,0],"16":[0,0],"17":[0,0],"18":[0,0],"19":[0,0],"20":[0,0],"21":[0,0],"22":[0,0],"23":[0,0],"24":[0,0],"25":[0,0],"26":[0,0],"27":[0,0]},"_coverageSchema":"1a1c01bbd47fc00a2c39e90264f33305004495a9","hash":"60b7f782903e490cfa0fbd48ebe62f89a1adcfdc"}
,"/Users/ascotte/Dev/coach-assistant/src/models/types.ts": {"path":"/Users/ascotte/Dev/coach-assistant/src/models/types.ts","statementMap":{},"fnMap":{},"branchMap":{},"s":{},"f":{},"b":{},"_coverageSchema":"1a1c01bbd47fc00a2c39e90264f33305004495a9","hash":"a8ef1df7b1f31d26d3e1e7104e60a5ff1ebb455e"}
,"/Users/ascotte/Dev/coach-assistant/src/theme/colors.ts": {"path":"/Users/ascotte/Dev/coach-assistant/src/theme/colors.ts","statementMap":{"0":{"start":{"line":15,"column":28},"end":{"line":26,"column":10}},"1":{"start":{"line":32,"column":28},"end":{"line":44,"column":10}},"2":{"start":{"line":49,"column":29},"end":{"line":53,"column":10}},"3":{"start":{"line":59,"column":36},"end":{"line":62,"column":10}},"4":{"start":{"line":68,"column":22},"end":{"line":198,"column":10}},"5":{"start":{"line":207,"column":28},"end":{"line":207,"column":47}},"6":{"start":{"line":212,"column":23},"end":{"line":223,"column":10}},"7":{"start":{"line":228,"column":25},"end":{"line":232,"column":10}},"8":{"start":{"line":237,"column":35},"end":{"line":239,"column":10}},"9":{"start":{"line":251,"column":29},"end":{"line":279,"column":10}},"10":{"start":{"line":285,"column":29},"end":{"line":295,"column":10}},"11":{"start":{"line":301,"column":25},"end":{"line":305,"column":10}},"12":{"start":{"line":310,"column":28},"end":{"line":315,"column":10}},"13":{"start":{"line":321,"column":35},"end":{"line":325,"column":10}},"14":{"start":{"line":331,"column":33},"end":{"line":334,"column":10}},"15":{"start":{"line":339,"column":35},"end":{"line":343,"column":10}},"16":{"start":{"line":348,"column":34},"end":{"line":356,"column":10}},"17":{"start":{"line":361,"column":35},"end":{"line":364,"column":10}},"18":{"start":{"line":370,"column":35},"end":{"line":378,"column":10}},"19":{"start":{"line":388,"column":26},"end":{"line":455,"column":10}}},"fnMap":{},"branchMap":{},"s":{"0":2,"1":2,"2":2,"3":2,"4":2,"5":2,"6":2,"7":2,"8":2,"9":2,"10":2,"11":2,"12":2,"13":2,"14":2,"15":2,"16":2,"17":2,"18":2,"19":2},"f":{},"b":{},"_coverageSchema":"1a1c01bbd47fc00a2c39e90264f33305004495a9","hash":"a56e117bd31865c53ddb08767df7e3522881d24d"}
,"/Users/ascotte/Dev/coach-assistant/utils/errorAlert.ts": {"path":"/Users/ascotte/Dev/coach-assistant/utils/errorAlert.ts","statementMap":{"0":{"start":{"line":53,"column":2},"end":{"line":55,"column":5}},"1":{"start":{"line":58,"column":2},"end":{"line":60,"column":5}},"2":{"start":{"line":63,"column":23},"end":{"line":63,"column":81}},"3":{"start":{"line":66,"column":18},"end":{"line":66,"column":114}},"4":{"start":{"line":73,"column":7},"end":{"line":73,"column":9}},"5":{"start":{"line":75,"column":2},"end":{"line":80,"column":3}},"6":{"start":{"line":76,"column":4},"end":{"line":79,"column":7}},"7":{"start":{"line":82,"column":2},"end":{"line":86,"column":5}},"8":{"start":{"line":89,"column":2},"end":{"line":89,"column":42}},"9":{"start":{"line":96,"column":2},"end":{"line":102,"column":5}},"10":{"start":{"line":109,"column":2},"end":{"line":113,"column":5}}},"fnMap":{"0":{"name":"showErrorAlert","decl":{"start":{"line":44,"column":16},"end":{"line":44,"column":30}},"loc":{"start":{"line":51,"column":28},"end":{"line":90,"column":1}},"line":51},"1":{"name":"showNetworkErrorAlert","decl":{"start":{"line":95,"column":16},"end":{"line":95,"column":37}},"loc":{"start":{"line":95,"column":83},"end":{"line":103,"column":1}},"line":95},"2":{"name":"showPermissionErrorAlert","decl":{"start":{"line":108,"column":16},"end":{"line":108,"column":40}},"loc":{"start":{"line":108,"column":64},"end":{"line":114,"column":1}},"line":108}},"branchMap":{"0":{"loc":{"start":{"line":50,"column":2},"end":{"line":50,"column":19}},"type":"default-arg","locations":[{"start":{"line":50,"column":14},"end":{"line":50,"column":19}}],"line":50},"1":{"loc":{"start":{"line":54,"column":11},"end":{"line":54,"column":57}},"type":"cond-expr","locations":[{"start":{"line":54,"column":36},"end":{"line":54,"column":49}},{"start":{"line":54,"column":52},"end":{"line":54,"column":57}}],"line":54},"2":{"loc":{"start":{"line":58,"column":26},"end":{"line":58,"column":83}},"type":"cond-expr","locations":[{"start":{"line":58,"column":51},"end":{"line":58,"column":56}},{"start":{"line":58,"column":59},"end":{"line":58,"column":83}}],"line":58},"3":{"loc":{"start":{"line":63,"column":23},"end":{"line":63,"column":81}},"type":"cond-expr","locations":[{"start":{"line":63,"column":48},"end":{"line":63,"column":61}},{"start":{"line":63,"column":64},"end":{"line":63,"column":81}}],"line":63},"4":{"loc":{"start":{"line":75,"column":2},"end":{"line":80,"column":3}},"type":"if","locations":[{"start":{"line":75,"column":2},"end":{"line":80,"column":3}},{"start":{},"end":{}}],"line":75},"5":{"loc":{"start":{"line":75,"column":6},"end":{"line":75,"column":26}},"type":"binary-expr","locations":[{"start":{"line":75,"column":6},"end":{"line":75,"column":15}},{"start":{"line":75,"column":19},"end":{"line":75,"column":26}}],"line":75},"6":{"loc":{"start":{"line":83,"column":10},"end":{"line":83,"column":38}},"type":"cond-expr","locations":[{"start":{"line":83,"column":22},"end":{"line":83,"column":31}},{"start":{"line":83,"column":34},"end":{"line":83,"column":38}}],"line":83}},"s":{"0":17,"1":17,"2":17,"3":17,"4":17,"5":17,"6":4,"7":17,"8":17,"9":4,"10":2},"f":{"0":17,"1":4,"2":2},"b":{"0":[10],"1":[15,2],"2":[15,2],"3":[15,2],"4":[4,13],"5":[17,4],"6":[4,13]},"_coverageSchema":"1a1c01bbd47fc00a2c39e90264f33305004495a9","hash":"24cd442e240036addcd0fa8a9712389782ba3353"}
,"/Users/ascotte/Dev/coach-assistant/utils/liveMatchHelpers.ts": {"path":"/Users/ascotte/Dev/coach-assistant/utils/liveMatchHelpers.ts","statementMap":{"0":{"start":{"line":19,"column":26},"end":{"line":23,"column":1}},"1":{"start":{"line":20,"column":15},"end":{"line":20,"column":39}},"2":{"start":{"line":21,"column":15},"end":{"line":21,"column":27}},"3":{"start":{"line":22,"column":2},"end":{"line":22,"column":83}},"4":{"start":{"line":31,"column":36},"end":{"line":84,"column":1}},"5":{"start":{"line":35,"column":23},"end":{"line":35,"column":43}},"6":{"start":{"line":36,"column":17},"end":{"line":36,"column":96}},"7":{"start":{"line":38,"column":2},"end":{"line":82,"column":3}},"8":{"start":{"line":40,"column":6},"end":{"line":42,"column":37}},"9":{"start":{"line":43,"column":19},"end":{"line":43,"column":37}},"10":{"start":{"line":45,"column":4},"end":{"line":59,"column":5}},"11":{"start":{"line":48,"column":8},"end":{"line":48,"column":70}},"12":{"start":{"line":49,"column":6},"end":{"line":50,"column":86}},"13":{"start":{"line":50,"column":8},"end":{"line":50,"column":86}},"14":{"start":{"line":51,"column":6},"end":{"line":52,"column":86}},"15":{"start":{"line":52,"column":8},"end":{"line":52,"column":86}},"16":{"start":{"line":53,"column":6},"end":{"line":54,"column":86}},"17":{"start":{"line":54,"column":8},"end":{"line":54,"column":86}},"18":{"start":{"line":56,"column":6},"end":{"line":56,"column":68}},"19":{"start":{"line":56,"column":24},"end":{"line":56,"column":68}},"20":{"start":{"line":57,"column":6},"end":{"line":57,"column":68}},"21":{"start":{"line":57,"column":24},"end":{"line":57,"column":68}},"22":{"start":{"line":58,"column":6},"end":{"line":58,"column":66}},"23":{"start":{"line":58,"column":24},"end":{"line":58,"column":66}},"24":{"start":{"line":61,"column":9},"end":{"line":82,"column":3}},"25":{"start":{"line":62,"column":4},"end":{"line":66,"column":49}},"26":{"start":{"line":66,"column":6},"end":{"line":66,"column":49}},"27":{"start":{"line":67,"column":4},"end":{"line":71,"column":49}},"28":{"start":{"line":71,"column":6},"end":{"line":71,"column":49}},"29":{"start":{"line":72,"column":9},"end":{"line":82,"column":3}},"30":{"start":{"line":73,"column":4},"end":{"line":73,"column":42}},"31":{"start":{"line":74,"column":9},"end":{"line":82,"column":3}},"32":{"start":{"line":75,"column":4},"end":{"line":75,"column":51}},"33":{"start":{"line":76,"column":9},"end":{"line":82,"column":3}},"34":{"start":{"line":77,"column":4},"end":{"line":77,"column":49}},"35":{"start":{"line":78,"column":9},"end":{"line":82,"column":3}},"36":{"start":{"line":79,"column":4},"end":{"line":79,"column":43}},"37":{"start":{"line":80,"column":9},"end":{"line":82,"column":3}},"38":{"start":{"line":81,"column":4},"end":{"line":81,"column":51}},"39":{"start":{"line":83,"column":2},"end":{"line":83,"column":58}},"40":{"start":{"line":97,"column":30},"end":{"line":105,"column":1}},"41":{"start":{"line":101,"column":2},"end":{"line":103,"column":3}},"42":{"start":{"line":102,"column":4},"end":{"line":102,"column":71}},"43":{"start":{"line":104,"column":2},"end":{"line":104,"column":42}}},"fnMap":{"0":{"name":"(anonymous_0)","decl":{"start":{"line":19,"column":26},"end":{"line":19,"column":27}},"loc":{"start":{"line":19,"column":55},"end":{"line":23,"column":1}},"line":19},"1":{"name":"(anonymous_1)","decl":{"start":{"line":31,"column":36},"end":{"line":31,"column":37}},"loc":{"start":{"line":34,"column":13},"end":{"line":84,"column":1}},"line":34},"2":{"name":"(anonymous_2)","decl":{"start":{"line":97,"column":30},"end":{"line":97,"column":31}},"loc":{"start":{"line":100,"column":13},"end":{"line":105,"column":1}},"line":100}},"branchMap":{"0":{"loc":{"start":{"line":36,"column":17},"end":{"line":36,"column":96}},"type":"cond-expr","locations":[{"start":{"line":36,"column":71},"end":{"line":36,"column":91}},{"start":{"line":36,"column":94},"end":{"line":36,"column":96}}],"line":36},"1":{"loc":{"start":{"line":36,"column":17},"end":{"line":36,"column":68}},"type":"binary-expr","locations":[{"start":{"line":36,"column":17},"end":{"line":36,"column":43}},{"start":{"line":36,"column":47},"end":{"line":36,"column":68}}],"line":36},"2":{"loc":{"start":{"line":38,"column":2},"end":{"line":82,"column":3}},"type":"if","locations":[{"start":{"line":38,"column":2},"end":{"line":82,"column":3}},{"start":{"line":61,"column":9},"end":{"line":82,"column":3}}],"line":38},"3":{"loc":{"start":{"line":40,"column":6},"end":{"line":42,"column":37}},"type":"binary-expr","locations":[{"start":{"line":40,"column":6},"end":{"line":40,"column":53}},{"start":{"line":41,"column":6},"end":{"line":41,"column":37}},{"start":{"line":42,"column":6},"end":{"line":42,"column":37}}],"line":40},"4":{"loc":{"start":{"line":43,"column":19},"end":{"line":43,"column":37}},"type":"binary-expr","locations":[{"start":{"line":43,"column":19},"end":{"line":43,"column":32}},{"start":{"line":43,"column":36},"end":{"line":43,"column":37}}],"line":43},"5":{"loc":{"start":{"line":45,"column":4},"end":{"line":59,"column":5}},"type":"if","locations":[{"start":{"line":45,"column":4},"end":{"line":59,"column":5}},{"start":{"line":55,"column":11},"end":{"line":59,"column":5}}],"line":45},"6":{"loc":{"start":{"line":48,"column":8},"end":{"line":48,"column":70}},"type":"binary-expr","locations":[{"start":{"line":48,"column":8},"end":{"line":48,"column":37}},{"start":{"line":48,"column":41},"end":{"line":48,"column":70}}],"line":48},"7":{"loc":{"start":{"line":49,"column":6},"end":{"line":50,"column":86}},"type":"if","locations":[{"start":{"line":49,"column":6},"end":{"line":50,"column":86}},{"start":{},"end":{}}],"line":49},"8":{"loc":{"start":{"line":50,"column":15},"end":{"line":50,"column":85}},"type":"cond-expr","locations":[{"start":{"line":50,"column":35},"end":{"line":50,"column":53}},{"start":{"line":50,"column":56},"end":{"line":50,"column":85}}],"line":50},"9":{"loc":{"start":{"line":51,"column":6},"end":{"line":52,"column":86}},"type":"if","locations":[{"start":{"line":51,"column":6},"end":{"line":52,"column":86}},{"start":{},"end":{}}],"line":51},"10":{"loc":{"start":{"line":52,"column":15},"end":{"line":52,"column":85}},"type":"cond-expr","locations":[{"start":{"line":52,"column":35},"end":{"line":52,"column":53}},{"start":{"line":52,"column":56},"end":{"line":52,"column":85}}],"line":52},"11":{"loc":{"start":{"line":53,"column":6},"end":{"line":54,"column":86}},"type":"if","locations":[{"start":{"line":53,"column":6},"end":{"line":54,"column":86}},{"start":{},"end":{}}],"line":53},"12":{"loc":{"start":{"line":54,"column":15},"end":{"line":54,"column":85}},"type":"cond-expr","locations":[{"start":{"line":54,"column":35},"end":{"line":54,"column":53}},{"start":{"line":54,"column":56},"end":{"line":54,"column":85}}],"line":54},"13":{"loc":{"start":{"line":56,"column":6},"end":{"line":56,"column":68}},"type":"if","locations":[{"start":{"line":56,"column":6},"end":{"line":56,"column":68}},{"start":{},"end":{}}],"line":56},"14":{"loc":{"start":{"line":57,"column":6},"end":{"line":57,"column":68}},"type":"if","locations":[{"start":{"line":57,"column":6},"end":{"line":57,"column":68}},{"start":{},"end":{}}],"line":57},"15":{"loc":{"start":{"line":58,"column":6},"end":{"line":58,"column":66}},"type":"if","locations":[{"start":{"line":58,"column":6},"end":{"line":58,"column":66}},{"start":{},"end":{}}],"line":58},"16":{"loc":{"start":{"line":61,"column":9},"end":{"line":82,"column":3}},"type":"if","locations":[{"start":{"line":61,"column":9},"end":{"line":82,"column":3}},{"start":{"line":72,"column":9},"end":{"line":82,"column":3}}],"line":61},"17":{"loc":{"start":{"line":62,"column":4},"end":{"line":66,"column":49}},"type":"if","locations":[{"start":{"line":62,"column":4},"end":{"line":66,"column":49}},{"start":{},"end":{}}],"line":62},"18":{"loc":{"start":{"line":63,"column":6},"end":{"line":64,"column":42}},"type":"binary-expr","locations":[{"start":{"line":63,"column":6},"end":{"line":63,"column":61}},{"start":{"line":64,"column":6},"end":{"line":64,"column":42}}],"line":63},"19":{"loc":{"start":{"line":67,"column":4},"end":{"line":71,"column":49}},"type":"if","locations":[{"start":{"line":67,"column":4},"end":{"line":71,"column":49}},{"start":{},"end":{}}],"line":67},"20":{"loc":{"start":{"line":68,"column":6},"end":{"line":69,"column":42}},"type":"binary-expr","locations":[{"start":{"line":68,"column":6},"end":{"line":68,"column":61}},{"start":{"line":69,"column":6},"end":{"line":69,"column":42}}],"line":68},"21":{"loc":{"start":{"line":72,"column":9},"end":{"line":82,"column":3}},"type":"if","locations":[{"start":{"line":72,"column":9},"end":{"line":82,"column":3}},{"start":{"line":74,"column":9},"end":{"line":82,"column":3}}],"line":72},"22":{"loc":{"start":{"line":74,"column":9},"end":{"line":82,"column":3}},"type":"if","locations":[{"start":{"line":74,"column":9},"end":{"line":82,"column":3}},{"start":{"line":76,"column":9},"end":{"line":82,"column":3}}],"line":74},"23":{"loc":{"start":{"line":76,"column":9},"end":{"line":82,"column":3}},"type":"if","locations":[{"start":{"line":76,"column":9},"end":{"line":82,"column":3}},{"start":{"line":78,"column":9},"end":{"line":82,"column":3}}],"line":76},"24":{"loc":{"start":{"line":78,"column":9},"end":{"line":82,"column":3}},"type":"if","locations":[{"start":{"line":78,"column":9},"end":{"line":82,"column":3}},{"start":{"line":80,"column":9},"end":{"line":82,"column":3}}],"line":78},"25":{"loc":{"start":{"line":80,"column":9},"end":{"line":82,"column":3}},"type":"if","locations":[{"start":{"line":80,"column":9},"end":{"line":82,"column":3}},{"start":{},"end":{}}],"line":80},"26":{"loc":{"start":{"line":99,"column":2},"end":{"line":99,"column":24}},"type":"default-arg","locations":[{"start":{"line":99,"column":23},"end":{"line":99,"column":24}}],"line":99},"27":{"loc":{"start":{"line":101,"column":2},"end":{"line":103,"column":3}},"type":"if","locations":[{"start":{"line":101,"column":2},"end":{"line":103,"column":3}},{"start":{},"end":{}}],"line":101},"28":{"loc":{"start":{"line":102,"column":11},"end":{"line":102,"column":70}},"type":"cond-expr","locations":[{"start":{"line":102,"column":30},"end":{"line":102,"column":49}},{"start":{"line":102,"column":52},"end":{"line":102,"column":70}}],"line":102}},"s":{"0":2,"1":7,"2":7,"3":7,"4":2,"5":32,"6":32,"7":32,"8":23,"9":23,"10":23,"11":20,"12":20,"13":2,"14":18,"15":17,"16":1,"17":1,"18":3,"19":1,"20":2,"21":1,"22":1,"23":1,"24":9,"25":2,"26":1,"27":1,"28":1,"29":7,"30":1,"31":6,"32":3,"33":3,"34":1,"35":2,"36":1,"37":1,"38":1,"39":0,"40":2,"41":12,"42":7,"43":5},"f":{"0":7,"1":32,"2":12},"b":{"0":[30,2],"1":[32,31],"2":[23,9],"3":[23,3,3],"4":[23,0],"5":[20,3],"6":[20,4],"7":[2,18],"8":[1,1],"9":[17,1],"10":[3,14],"11":[1,0],"12":[0,1],"13":[1,2],"14":[1,1],"15":[1,0],"16":[2,7],"17":[1,1],"18":[2,1],"19":[1,0],"20":[1,0],"21":[1,6],"22":[3,3],"23":[1,2],"24":[1,1],"25":[1,0],"26":[2],"27":[7,5],"28":[2,5]},"_coverageSchema":"1a1c01bbd47fc00a2c39e90264f33305004495a9","hash":"827c65a51c3b634deab14f5378d5554b78473ff6"}
,"/Users/ascotte/Dev/coach-assistant/utils/matchDataConverters.ts": {"path":"/Users/ascotte/Dev/coach-assistant/utils/matchDataConverters.ts","statementMap":{"0":{"start":{"line":42,"column":17},"end":{"line":45,"column":3}},"1":{"start":{"line":44,"column":6},"end":{"line":44,"column":72}},"2":{"start":{"line":48,"column":4},"end":{"line":50,"column":57}},"3":{"start":{"line":52,"column":22},"end":{"line":52,"column":62}},"4":{"start":{"line":55,"column":18},"end":{"line":55,"column":28}},"5":{"start":{"line":56,"column":2},"end":{"line":61,"column":3}},"6":{"start":{"line":57,"column":23},"end":{"line":57,"column":49}},"7":{"start":{"line":58,"column":4},"end":{"line":60,"column":5}},"8":{"start":{"line":59,"column":6},"end":{"line":59,"column":39}},"9":{"start":{"line":63,"column":2},"end":{"line":84,"column":4}},"10":{"start":{"line":96,"column":2},"end":{"line":98,"column":4}},"11":{"start":{"line":97,"column":4},"end":{"line":97,"column":68}},"12":{"start":{"line":113,"column":18},"end":{"line":113,"column":19}},"13":{"start":{"line":114,"column":18},"end":{"line":114,"column":19}},"14":{"start":{"line":116,"column":2},"end":{"line":139,"column":5}},"15":{"start":{"line":118,"column":4},"end":{"line":138,"column":5}},"16":{"start":{"line":125,"column":6},"end":{"line":137,"column":7}},"17":{"start":{"line":126,"column":8},"end":{"line":130,"column":9}},"18":{"start":{"line":127,"column":10},"end":{"line":127,"column":37}},"19":{"start":{"line":129,"column":10},"end":{"line":129,"column":37}},"20":{"start":{"line":132,"column":8},"end":{"line":136,"column":9}},"21":{"start":{"line":133,"column":10},"end":{"line":133,"column":37}},"22":{"start":{"line":135,"column":10},"end":{"line":135,"column":37}},"23":{"start":{"line":141,"column":2},"end":{"line":141,"column":34}}},"fnMap":{"0":{"name":"convertActionToMatchEvent","decl":{"start":{"line":36,"column":16},"end":{"line":36,"column":41}},"loc":{"start":{"line":41,"column":14},"end":{"line":85,"column":1}},"line":41},"1":{"name":"(anonymous_1)","decl":{"start":{"line":43,"column":4},"end":{"line":43,"column":5}},"loc":{"start":{"line":44,"column":6},"end":{"line":44,"column":72}},"line":44},"2":{"name":"convertActionsToMatchEvents","decl":{"start":{"line":90,"column":16},"end":{"line":90,"column":43}},"loc":{"start":{"line":95,"column":16},"end":{"line":99,"column":1}},"line":95},"3":{"name":"(anonymous_3)","decl":{"start":{"line":96,"column":21},"end":{"line":96,"column":22}},"loc":{"start":{"line":97,"column":4},"end":{"line":97,"column":68}},"line":97},"4":{"name":"calculateScoresFromActions","decl":{"start":{"line":109,"column":16},"end":{"line":109,"column":42}},"loc":{"start":{"line":112,"column":44},"end":{"line":142,"column":1}},"line":112},"5":{"name":"(anonymous_5)","decl":{"start":{"line":116,"column":18},"end":{"line":116,"column":19}},"loc":{"start":{"line":116,"column":30},"end":{"line":139,"column":3}},"line":116}},"branchMap":{"0":{"loc":{"start":{"line":39,"column":2},"end":{"line":39,"column":37}},"type":"default-arg","locations":[{"start":{"line":39,"column":25},"end":{"line":39,"column":37}}],"line":39},"1":{"loc":{"start":{"line":40,"column":2},"end":{"line":40,"column":24}},"type":"default-arg","locations":[{"start":{"line":40,"column":20},"end":{"line":40,"column":24}}],"line":40},"2":{"loc":{"start":{"line":44,"column":6},"end":{"line":44,"column":72}},"type":"binary-expr","locations":[{"start":{"line":44,"column":6},"end":{"line":44,"column":46}},{"start":{"line":44,"column":50},"end":{"line":44,"column":72}}],"line":44},"3":{"loc":{"start":{"line":48,"column":4},"end":{"line":50,"column":57}},"type":"cond-expr","locations":[{"start":{"line":49,"column":8},"end":{"line":49,"column":20}},{"start":{"line":50,"column":8},"end":{"line":50,"column":57}}],"line":48},"4":{"loc":{"start":{"line":48,"column":4},"end":{"line":48,"column":66}},"type":"binary-expr","locations":[{"start":{"line":48,"column":4},"end":{"line":48,"column":33}},{"start":{"line":48,"column":37},"end":{"line":48,"column":66}}],"line":48},"5":{"loc":{"start":{"line":50,"column":8},"end":{"line":50,"column":57}},"type":"binary-expr","locations":[{"start":{"line":50,"column":8},"end":{"line":50,"column":27}},{"start":{"line":50,"column":31},"end":{"line":50,"column":57}}],"line":50},"6":{"loc":{"start":{"line":56,"column":2},"end":{"line":61,"column":3}},"type":"if","locations":[{"start":{"line":56,"column":2},"end":{"line":61,"column":3}},{"start":{},"end":{}}],"line":56},"7":{"loc":{"start":{"line":58,"column":4},"end":{"line":60,"column":5}},"type":"if","locations":[{"start":{"line":58,"column":4},"end":{"line":60,"column":5}},{"start":{},"end":{}}],"line":58},"8":{"loc":{"start":{"line":69,"column":14},"end":{"line":69,"column":65}},"type":"binary-expr","locations":[{"start":{"line":69,"column":14},"end":{"line":69,"column":31}},{"start":{"line":69,"column":35},"end":{"line":69,"column":65}}],"line":69},"9":{"loc":{"start":{"line":70,"column":18},"end":{"line":70,"column":82}},"type":"cond-expr","locations":[{"start":{"line":70,"column":50},"end":{"line":70,"column":70}},{"start":{"line":70,"column":73},"end":{"line":70,"column":82}}],"line":70},"10":{"loc":{"start":{"line":71,"column":12},"end":{"line":73,"column":44}},"type":"cond-expr","locations":[{"start":{"line":72,"column":9},"end":{"line":72,"column":43}},{"start":{"line":73,"column":9},"end":{"line":73,"column":43}}],"line":71},"11":{"loc":{"start":{"line":72,"column":9},"end":{"line":72,"column":43}},"type":"cond-expr","locations":[{"start":{"line":72,"column":18},"end":{"line":72,"column":29}},{"start":{"line":72,"column":32},"end":{"line":72,"column":43}}],"line":72},"12":{"loc":{"start":{"line":73,"column":9},"end":{"line":73,"column":43}},"type":"cond-expr","locations":[{"start":{"line":73,"column":18},"end":{"line":73,"column":29}},{"start":{"line":73,"column":32},"end":{"line":73,"column":43}}],"line":73},"13":{"loc":{"start":{"line":75,"column":6},"end":{"line":80,"column":19}},"type":"cond-expr","locations":[{"start":{"line":79,"column":10},"end":{"line":79,"column":56}},{"start":{"line":80,"column":10},"end":{"line":80,"column":19}}],"line":75},"14":{"loc":{"start":{"line":75,"column":6},"end":{"line":78,"column":28}},"type":"binary-expr","locations":[{"start":{"line":75,"column":6},"end":{"line":75,"column":32}},{"start":{"line":76,"column":6},"end":{"line":76,"column":32}},{"start":{"line":77,"column":6},"end":{"line":77,"column":28}},{"start":{"line":78,"column":6},"end":{"line":78,"column":28}}],"line":75},"15":{"loc":{"start":{"line":93,"column":2},"end":{"line":93,"column":37}},"type":"default-arg","locations":[{"start":{"line":93,"column":25},"end":{"line":93,"column":37}}],"line":93},"16":{"loc":{"start":{"line":94,"column":2},"end":{"line":94,"column":24}},"type":"default-arg","locations":[{"start":{"line":94,"column":20},"end":{"line":94,"column":24}}],"line":94},"17":{"loc":{"start":{"line":111,"column":2},"end":{"line":111,"column":24}},"type":"default-arg","locations":[{"start":{"line":111,"column":20},"end":{"line":111,"column":24}}],"line":111},"18":{"loc":{"start":{"line":118,"column":4},"end":{"line":138,"column":5}},"type":"if","locations":[{"start":{"line":118,"column":4},"end":{"line":138,"column":5}},{"start":{},"end":{}}],"line":118},"19":{"loc":{"start":{"line":119,"column":6},"end":{"line":121,"column":53}},"type":"binary-expr","locations":[{"start":{"line":119,"column":6},"end":{"line":119,"column":19}},{"start":{"line":120,"column":6},"end":{"line":120,"column":23}},{"start":{"line":121,"column":6},"end":{"line":121,"column":53}}],"line":119},"20":{"loc":{"start":{"line":125,"column":6},"end":{"line":137,"column":7}},"type":"if","locations":[{"start":{"line":125,"column":6},"end":{"line":137,"column":7}},{"start":{"line":131,"column":13},"end":{"line":137,"column":7}}],"line":125},"21":{"loc":{"start":{"line":126,"column":8},"end":{"line":130,"column":9}},"type":"if","locations":[{"start":{"line":126,"column":8},"end":{"line":130,"column":9}},{"start":{"line":128,"column":15},"end":{"line":130,"column":9}}],"line":126},"22":{"loc":{"start":{"line":132,"column":8},"end":{"line":136,"column":9}},"type":"if","locations":[{"start":{"line":132,"column":8},"end":{"line":136,"column":9}},{"start":{"line":134,"column":15},"end":{"line":136,"column":9}}],"line":132}},"s":{"0":15,"1":24,"2":15,"3":15,"4":15,"5":15,"6":15,"7":15,"8":14,"9":15,"10":2,"11":2,"12":9,"13":9,"14":9,"15":11,"16":9,"17":7,"18":5,"19":2,"20":2,"21":1,"22":1,"23":9},"f":{"0":15,"1":24,"2":2,"3":2,"4":9,"5":11},"b":{"0":[9],"1":[10],"2":[24,12],"3":[2,13],"4":[15,2],"5":[13,2],"6":[15,0],"7":[14,1],"8":[15,4],"9":[13,2],"10":[12,3],"11":[11,1],"12":[3,0],"13":[13,2],"14":[15,14,14,13],"15":[2],"16":[2],"17":[4],"18":[9,2],"19":[11,10,10],"20":[7,2],"21":[5,2],"22":[1,1]},"_coverageSchema":"1a1c01bbd47fc00a2c39e90264f33305004495a9","hash":"8560abf312c6eec89003b36fa906ceeebef2ca33"}
,"/Users/ascotte/Dev/coach-assistant/utils/storageHelper.ts": {"path":"/Users/ascotte/Dev/coach-assistant/utils/storageHelper.ts","statementMap":{"0":{"start":{"line":10,"column":20},"end":{"line":10,"column":27}},"1":{"start":{"line":11,"column":24},"end":{"line":11,"column":35}},"2":{"start":{"line":23,"column":2},"end":{"line":23,"column":25}},"3":{"start":{"line":23,"column":13},"end":{"line":23,"column":25}},"4":{"start":{"line":26,"column":2},"end":{"line":28,"column":3}},"5":{"start":{"line":27,"column":4},"end":{"line":27,"column":16}},"6":{"start":{"line":30,"column":2},"end":{"line":42,"column":3}},"7":{"start":{"line":31,"column":28},"end":{"line":33,"column":45}},"8":{"start":{"line":35,"column":4},"end":{"line":37,"column":5}},"9":{"start":{"line":36,"column":6},"end":{"line":36,"column":18}},"10":{"start":{"line":39,"column":4},"end":{"line":39,"column":26}},"11":{"start":{"line":41,"column":4},"end":{"line":41,"column":16}},"12":{"start":{"line":55,"column":2},"end":{"line":55,"column":70}},"13":{"start":{"line":55,"column":39},"end":{"line":55,"column":67}}},"fnMap":{"0":{"name":"getSignedUrl","decl":{"start":{"line":19,"column":22},"end":{"line":19,"column":34}},"loc":{"start":{"line":22,"column":26},"end":{"line":43,"column":1}},"line":22},"1":{"name":"getSignedUrls","decl":{"start":{"line":51,"column":22},"end":{"line":51,"column":35}},"loc":{"start":{"line":54,"column":30},"end":{"line":56,"column":1}},"line":54},"2":{"name":"(anonymous_2)","decl":{"start":{"line":55,"column":31},"end":{"line":55,"column":32}},"loc":{"start":{"line":55,"column":39},"end":{"line":55,"column":67}},"line":55}},"branchMap":{"0":{"loc":{"start":{"line":23,"column":2},"end":{"line":23,"column":25}},"type":"if","locations":[{"start":{"line":23,"column":2},"end":{"line":23,"column":25}},{"start":{},"end":{}}],"line":23},"1":{"loc":{"start":{"line":26,"column":2},"end":{"line":28,"column":3}},"type":"if","locations":[{"start":{"line":26,"column":2},"end":{"line":28,"column":3}},{"start":{},"end":{}}],"line":26},"2":{"loc":{"start":{"line":26,"column":6},"end":{"line":26,"column":93}},"type":"binary-expr","locations":[{"start":{"line":26,"column":6},"end":{"line":26,"column":32}},{"start":{"line":26,"column":36},"end":{"line":26,"column":63}},{"start":{"line":26,"column":67},"end":{"line":26,"column":93}}],"line":26},"3":{"loc":{"start":{"line":35,"column":4},"end":{"line":37,"column":5}},"type":"if","locations":[{"start":{"line":35,"column":4},"end":{"line":37,"column":5}},{"start":{},"end":{}}],"line":35}},"s":{"0":1,"1":1,"2":18,"3":6,"4":12,"5":5,"6":7,"7":7,"8":6,"9":2,"10":4,"11":1,"12":5,"13":9},"f":{"0":18,"1":5,"2":9},"b":{"0":[6,12],"1":[5,7],"2":[12,11,8],"3":[2,4]},"_coverageSchema":"1a1c01bbd47fc00a2c39e90264f33305004495a9","hash":"38552157845d7ed6e1a7ef3d59e3742bd9c3514c"}
}
