TN:
SF:constants/liveMatchConstants.ts
FNF:0
FNH:0
DA:138,1
LF:1
LH:1
BRF:0
BRH:0
end_of_record
TN:
SF:src/models/ActionTypes.ts
FN:91,isShotMade
FN:244,getActionConfig
FN:252,getActionEmoji
FN:262,getActionColor
FN:277,(anonymous_4)
FN:283,(anonymous_5)
FN:289,(anonymous_6)
FN:299,getActionLabel
FN:307,getAllActionTypes
FN:315,(anonymous_9)
FN:323,(anonymous_10)
FN:329,(anonymous_11)
FN:358,renderMarkerSVG
FN:429,getMarkerShapeType
FNF:14
FNH:3
FNDA:0,isShotMade
FNDA:0,getActionConfig
FNDA:0,getActionEmoji
FNDA:0,getActionColor
FNDA:0,(anonymous_4)
FNDA:0,(anonymous_5)
FNDA:0,(anonymous_6)
FNDA:0,getActionLabel
FNDA:0,getAllActionTypes
FNDA:16,(anonymous_9)
FNDA:6,(anonymous_10)
FNDA:16,(anonymous_11)
FNDA:0,renderMarkerSVG
FNDA:0,getMarkerShapeType
DA:53,2
DA:64,2
DA:69,2
DA:74,2
DA:92,0
DA:121,2
DA:245,0
DA:256,0
DA:267,0
DA:268,0
DA:272,0
DA:277,0
DA:278,0
DA:282,0
DA:283,0
DA:284,0
DA:288,0
DA:289,0
DA:290,0
DA:293,0
DA:300,0
DA:301,0
DA:308,0
DA:314,2
DA:315,16
DA:323,6
DA:329,16
DA:365,0
DA:366,0
DA:369,0
DA:373,0
DA:377,0
DA:381,0
DA:394,0
DA:395,0
DA:396,0
DA:397,0
DA:404,0
DA:405,0
DA:406,0
DA:413,0
DA:414,0
DA:415,0
DA:422,0
DA:433,0
DA:434,0
DA:436,0
DA:437,0
DA:438,0
DA:440,0
DA:441,0
DA:445,0
DA:446,0
DA:449,0
DA:450,0
DA:453,0
DA:454,0
DA:457,0
LF:58
LH:9
BRDA:268,0,0,0
BRDA:268,0,1,0
BRDA:272,1,0,0
BRDA:272,1,1,0
BRDA:273,2,0,0
BRDA:273,2,1,0
BRDA:273,2,2,0
BRDA:278,3,0,0
BRDA:278,3,1,0
BRDA:282,4,0,0
BRDA:282,4,1,0
BRDA:282,5,0,0
BRDA:282,5,1,0
BRDA:284,6,0,0
BRDA:284,6,1,0
BRDA:288,7,0,0
BRDA:288,7,1,0
BRDA:288,8,0,0
BRDA:288,8,1,0
BRDA:288,8,2,0
BRDA:290,9,0,0
BRDA:290,9,1,0
BRDA:301,10,0,0
BRDA:301,10,1,0
BRDA:321,11,0,16
BRDA:321,11,1,14
BRDA:323,12,0,16
BRDA:323,12,1,14
BRDA:329,13,0,16
BRDA:329,13,1,0
BRDA:363,14,0,0
BRDA:369,15,0,0
BRDA:369,15,1,0
BRDA:370,16,0,0
BRDA:370,16,1,0
BRDA:377,17,0,0
BRDA:377,17,1,0
BRDA:378,18,0,0
BRDA:378,18,1,0
BRDA:394,19,0,0
BRDA:394,19,1,0
BRDA:404,20,0,0
BRDA:404,20,1,0
BRDA:413,21,0,0
BRDA:413,21,1,0
BRDA:436,22,0,0
BRDA:436,22,1,0
BRDA:437,23,0,0
BRDA:437,23,1,0
BRDA:440,24,0,0
BRDA:440,24,1,0
BRDA:445,25,0,0
BRDA:445,25,1,0
BRDA:449,26,0,0
BRDA:449,26,1,0
BRDA:453,27,0,0
BRDA:453,27,1,0
BRF:57
BRH:5
end_of_record
TN:
SF:src/models/types.ts
FNF:0
FNH:0
LF:0
LH:0
BRF:0
BRH:0
end_of_record
TN:
SF:src/theme/colors.ts
FNF:0
FNH:0
DA:15,2
DA:32,2
DA:49,2
DA:59,2
DA:68,2
DA:207,2
DA:212,2
DA:228,2
DA:237,2
DA:251,2
DA:285,2
DA:301,2
DA:310,2
DA:321,2
DA:331,2
DA:339,2
DA:348,2
DA:361,2
DA:370,2
DA:388,2
LF:20
LH:20
BRF:0
BRH:0
end_of_record
TN:
SF:utils/errorAlert.ts
FN:44,showErrorAlert
FN:95,showNetworkErrorAlert
FN:108,showPermissionErrorAlert
FNF:3
FNH:3
FNDA:17,showErrorAlert
FNDA:4,showNetworkErrorAlert
FNDA:2,showPermissionErrorAlert
DA:53,17
DA:58,17
DA:63,17
DA:66,17
DA:73,17
DA:75,17
DA:76,4
DA:82,17
DA:89,17
DA:96,4
DA:109,2
LF:11
LH:11
BRDA:50,0,0,10
BRDA:54,1,0,15
BRDA:54,1,1,2
BRDA:58,2,0,15
BRDA:58,2,1,2
BRDA:63,3,0,15
BRDA:63,3,1,2
BRDA:75,4,0,4
BRDA:75,4,1,13
BRDA:75,5,0,17
BRDA:75,5,1,4
BRDA:83,6,0,4
BRDA:83,6,1,13
BRF:13
BRH:13
end_of_record
TN:
SF:utils/liveMatchHelpers.ts
FN:19,(anonymous_0)
FN:31,(anonymous_1)
FN:97,(anonymous_2)
FNF:3
FNH:3
FNDA:7,(anonymous_0)
FNDA:32,(anonymous_1)
FNDA:12,(anonymous_2)
DA:19,2
DA:20,7
DA:21,7
DA:22,7
DA:31,2
DA:35,32
DA:36,32
DA:38,32
DA:40,23
DA:43,23
DA:45,23
DA:48,20
DA:49,20
DA:50,2
DA:51,18
DA:52,17
DA:53,1
DA:54,1
DA:56,3
DA:57,2
DA:58,1
DA:61,9
DA:62,2
DA:66,1
DA:67,1
DA:71,1
DA:72,7
DA:73,1
DA:74,6
DA:75,3
DA:76,3
DA:77,1
DA:78,2
DA:79,1
DA:80,1
DA:81,1
DA:83,0
DA:97,2
DA:101,12
DA:102,7
DA:104,5
LF:41
LH:40
BRDA:36,0,0,30
BRDA:36,0,1,2
BRDA:36,1,0,32
BRDA:36,1,1,31
BRDA:38,2,0,23
BRDA:38,2,1,9
BRDA:40,3,0,23
BRDA:40,3,1,3
BRDA:40,3,2,3
BRDA:43,4,0,23
BRDA:43,4,1,0
BRDA:45,5,0,20
BRDA:45,5,1,3
BRDA:48,6,0,20
BRDA:48,6,1,4
BRDA:49,7,0,2
BRDA:49,7,1,18
BRDA:50,8,0,1
BRDA:50,8,1,1
BRDA:51,9,0,17
BRDA:51,9,1,1
BRDA:52,10,0,3
BRDA:52,10,1,14
BRDA:53,11,0,1
BRDA:53,11,1,0
BRDA:54,12,0,0
BRDA:54,12,1,1
BRDA:56,13,0,1
BRDA:56,13,1,2
BRDA:57,14,0,1
BRDA:57,14,1,1
BRDA:58,15,0,1
BRDA:58,15,1,0
BRDA:61,16,0,2
BRDA:61,16,1,7
BRDA:62,17,0,1
BRDA:62,17,1,1
BRDA:63,18,0,2
BRDA:63,18,1,1
BRDA:67,19,0,1
BRDA:67,19,1,0
BRDA:68,20,0,1
BRDA:68,20,1,0
BRDA:72,21,0,1
BRDA:72,21,1,6
BRDA:74,22,0,3
BRDA:74,22,1,3
BRDA:76,23,0,1
BRDA:76,23,1,2
BRDA:78,24,0,1
BRDA:78,24,1,1
BRDA:80,25,0,1
BRDA:80,25,1,0
BRDA:99,26,0,2
BRDA:101,27,0,7
BRDA:101,27,1,5
BRDA:102,28,0,2
BRDA:102,28,1,5
BRF:58
BRH:51
end_of_record
TN:
SF:utils/matchDataConverters.ts
FN:36,convertActionToMatchEvent
FN:43,(anonymous_1)
FN:90,convertActionsToMatchEvents
FN:96,(anonymous_3)
FN:109,calculateScoresFromActions
FN:116,(anonymous_5)
FNF:6
FNH:6
FNDA:15,convertActionToMatchEvent
FNDA:24,(anonymous_1)
FNDA:2,convertActionsToMatchEvents
FNDA:2,(anonymous_3)
FNDA:9,calculateScoresFromActions
FNDA:11,(anonymous_5)
DA:42,15
DA:44,24
DA:48,15
DA:52,15
DA:55,15
DA:56,15
DA:57,15
DA:58,15
DA:59,14
DA:63,15
DA:96,2
DA:97,2
DA:113,9
DA:114,9
DA:116,9
DA:118,11
DA:125,9
DA:126,7
DA:127,5
DA:129,2
DA:132,2
DA:133,1
DA:135,1
DA:141,9
LF:24
LH:24
BRDA:39,0,0,9
BRDA:40,1,0,10
BRDA:44,2,0,24
BRDA:44,2,1,12
BRDA:48,3,0,2
BRDA:48,3,1,13
BRDA:48,4,0,15
BRDA:48,4,1,2
BRDA:50,5,0,13
BRDA:50,5,1,2
BRDA:56,6,0,15
BRDA:56,6,1,0
BRDA:58,7,0,14
BRDA:58,7,1,1
BRDA:69,8,0,15
BRDA:69,8,1,4
BRDA:70,9,0,13
BRDA:70,9,1,2
BRDA:71,10,0,12
BRDA:71,10,1,3
BRDA:72,11,0,11
BRDA:72,11,1,1
BRDA:73,12,0,3
BRDA:73,12,1,0
BRDA:75,13,0,13
BRDA:75,13,1,2
BRDA:75,14,0,15
BRDA:75,14,1,14
BRDA:75,14,2,14
BRDA:75,14,3,13
BRDA:93,15,0,2
BRDA:94,16,0,2
BRDA:111,17,0,4
BRDA:118,18,0,9
BRDA:118,18,1,2
BRDA:119,19,0,11
BRDA:119,19,1,10
BRDA:119,19,2,10
BRDA:125,20,0,7
BRDA:125,20,1,2
BRDA:126,21,0,5
BRDA:126,21,1,2
BRDA:132,22,0,1
BRDA:132,22,1,1
BRF:44
BRH:42
end_of_record
TN:
SF:utils/storageHelper.ts
FN:19,getSignedUrl
FN:51,getSignedUrls
FN:55,(anonymous_2)
FNF:3
FNH:3
FNDA:18,getSignedUrl
FNDA:5,getSignedUrls
FNDA:9,(anonymous_2)
DA:10,1
DA:11,1
DA:23,18
DA:26,12
DA:27,5
DA:30,7
DA:31,7
DA:35,6
DA:36,2
DA:39,4
DA:41,1
DA:55,9
LF:12
LH:12
BRDA:23,0,0,6
BRDA:23,0,1,12
BRDA:26,1,0,5
BRDA:26,1,1,7
BRDA:26,2,0,12
BRDA:26,2,1,11
BRDA:26,2,2,8
BRDA:35,3,0,2
BRDA:35,3,1,4
BRF:9
BRH:9
end_of_record
